<?xml version="1.0" encoding="UTF-8"?>
<!-- Generated by org.testng.reporters.JUnitXMLReporter -->
<testsuite ignored="0" hostname="Jay-Dragonfly" failures="0" tests="24" name="Test" time="108.848" errors="0" timestamp="2024-05-24T20:29:47 PDT">
  <testcase classname="MavenPakage.LoginUsingExcel" name="login" time="3.117"/>
  <testcase classname="MavenPakage.LoginUsingExcel" name="login" time="3.106"/>
  <testcase classname="MavenPakage.LoginUsingExcel" name="login" time="3.063"/>
  <testcase classname="MavenPakage.LoginUsingExcel" name="login" time="3.078"/>
  <testcase classname="MavenPakage.LoginUsingExcel" name="login" time="3.075"/>
  <testcase classname="MavenPakage.AutoDropDownSuggestions" name="searchDropdown" time="5.629"/>
  <testcase classname="MavenPakage.TestExcel" name="readFromLocal" time="0.09"/>
  <testcase classname="MavenPakage.CopyWebTabletoExcelSheet" name="copyTable" time="0.743"/>
  <testcase classname="MavenPakage.MoreAnnotations" name="testCase1" time="0.001"/>
  <testcase classname="MavenPakage.MoreAnnotations" name="testCase2" time="0.001"/>
  <testcase classname="MavenPakage.CaptchaDemo" name="mathCaptcha" time="5.612"/>
  <testcase classname="MavenPakage.LoginToInstagramUsingExcelData" name="loginData" time="3.358"/>
  <testcase classname="MavenPakage.LoginToInstagramUsingExcelData" name="loginData" time="3.358"/>
  <testcase classname="MavenPakage.LoginToInstagramUsingExcelData" name="loginData" time="3.353"/>
  <testcase classname="MavenPakage.LoginToInstagramUsingExcelData" name="loginData" time="3.297"/>
  <testcase classname="MavenPakage.DPExp" name="login" time="0.003"/>
  <testcase classname="MavenPakage.DPExp" name="login" time="0.003"/>
  <testcase classname="MavenPakage.DPExp" name="login" time="0.002"/>
  <testcase classname="MavenPakage.LoginToInsta" name="loginData" time="10.485"/>
  <testcase classname="MavenPakage.MouseHover" name="dragable" time="0.86"/>
  <testcase classname="MavenPakage.MouseHover" name="dragAndDrop" time="0.808"/>
  <testcase classname="MavenPakage.MouseHover" name="resizable" time="0.809"/>
  <testcase classname="MavenPakage.MouseHover" name="sortable" time="0.767"/>
  <testcase classname="MavenPakage.ReadingExcelAndPrint" name="readFromLocal" time="0.046"/>
</testsuite> <!-- Test -->
