<?xml version="1.0" encoding="UTF-8"?>
<testng-results ignored="0" total="24" passed="24" failed="0" skipped="0">
  <reporter-output>
  </reporter-output>
  <suite started-at="2024-05-24T20:27:58 PDT" name="Suite" finished-at="2024-05-24T20:29:47 PDT" duration-ms="108848">
    <groups>
    </groups>
    <test started-at="2024-05-24T20:27:58 PDT" name="Test" finished-at="2024-05-24T20:29:47 PDT" duration-ms="108848">
      <class name="MavenPakage.CaptchaDemo">
        <test-method signature="mathCaptcha()[pri:0, instance:MavenPakage.CaptchaDemo@368f2016]" started-at="2024-05-24T20:28:41 PDT" name="mathCaptcha" finished-at="2024-05-24T20:28:47 PDT" duration-ms="5612" status="PASS">
          <reporter-output>
          </reporter-output>
        </test-method> <!-- mathCaptcha -->
      </class> <!-- MavenPakage.CaptchaDemo -->
      <class name="MavenPakage.LoginToInstagramUsingExcelData">
        <test-method is-config="true" signature="launBrowser()[pri:0, instance:MavenPakage.LoginToInstagramUsingExcelData@4c583ecf]" started-at="2024-05-24T20:28:47 PDT" name="launBrowser" finished-at="2024-05-24T20:28:49 PDT" duration-ms="2291" status="PASS">
          <reporter-output>
          </reporter-output>
        </test-method> <!-- launBrowser -->
        <test-method signature="loginData(java.lang.String,java.lang.String)[pri:0, instance:MavenPakage.LoginToInstagramUsingExcelData@4c583ecf]" started-at="2024-05-24T20:28:49 PDT" name="loginData" data-provider="data" finished-at="2024-05-24T20:28:53 PDT" duration-ms="3358" status="PASS">
          <params>
            <param index="0">
              <value>
                <![CDATA[Demo]]>
              </value>
            </param>
            <param index="1">
              <value>
                <![CDATA[Demo123]]>
              </value>
            </param>
          </params>
          <reporter-output>
          </reporter-output>
        </test-method> <!-- loginData -->
        <test-method signature="loginData(java.lang.String,java.lang.String)[pri:0, instance:MavenPakage.LoginToInstagramUsingExcelData@4c583ecf]" started-at="2024-05-24T20:28:53 PDT" name="loginData" data-provider="data" finished-at="2024-05-24T20:28:56 PDT" duration-ms="3358" status="PASS">
          <params>
            <param index="0">
              <value>
                <![CDATA[Demo2]]>
              </value>
            </param>
            <param index="1">
              <value>
                <![CDATA[Demo234]]>
              </value>
            </param>
          </params>
          <reporter-output>
          </reporter-output>
        </test-method> <!-- loginData -->
        <test-method signature="loginData(java.lang.String,java.lang.String)[pri:0, instance:MavenPakage.LoginToInstagramUsingExcelData@4c583ecf]" started-at="2024-05-24T20:28:56 PDT" name="loginData" data-provider="data" finished-at="2024-05-24T20:28:59 PDT" duration-ms="3353" status="PASS">
          <params>
            <param index="0">
              <value>
                <![CDATA[Demo3]]>
              </value>
            </param>
            <param index="1">
              <value>
                <![CDATA[Demo345]]>
              </value>
            </param>
          </params>
          <reporter-output>
          </reporter-output>
        </test-method> <!-- loginData -->
        <test-method signature="loginData(java.lang.String,java.lang.String)[pri:0, instance:MavenPakage.LoginToInstagramUsingExcelData@4c583ecf]" started-at="2024-05-24T20:28:59 PDT" name="loginData" data-provider="data" finished-at="2024-05-24T20:29:03 PDT" duration-ms="3297" status="PASS">
          <params>
            <param index="0">
              <value>
                <![CDATA[Demo4]]>
              </value>
            </param>
            <param index="1">
              <value>
                <![CDATA[Demo456]]>
              </value>
            </param>
          </params>
          <reporter-output>
          </reporter-output>
        </test-method> <!-- loginData -->
        <test-method is-config="true" signature="closeBowser()[pri:0, instance:MavenPakage.LoginToInstagramUsingExcelData@4c583ecf]" started-at="2024-05-24T20:29:03 PDT" name="closeBowser" finished-at="2024-05-24T20:29:04 PDT" duration-ms="1567" status="PASS">
          <reporter-output>
          </reporter-output>
        </test-method> <!-- closeBowser -->
      </class> <!-- MavenPakage.LoginToInstagramUsingExcelData -->
      <class name="MavenPakage.AutoDropDownSuggestions">
        <test-method is-config="true" signature="launchBrowswer()[pri:0, instance:MavenPakage.AutoDropDownSuggestions@313ac989]" started-at="2024-05-24T20:28:25 PDT" name="launchBrowswer" finished-at="2024-05-24T20:28:27 PDT" duration-ms="2178" status="PASS">
          <reporter-output>
          </reporter-output>
        </test-method> <!-- launchBrowswer -->
        <test-method signature="searchDropdown()[pri:0, instance:MavenPakage.AutoDropDownSuggestions@313ac989]" started-at="2024-05-24T20:28:27 PDT" name="searchDropdown" finished-at="2024-05-24T20:28:33 PDT" duration-ms="5629" status="PASS">
          <reporter-output>
          </reporter-output>
        </test-method> <!-- searchDropdown -->
        <test-method is-config="true" signature="closeBowser()[pri:0, instance:MavenPakage.AutoDropDownSuggestions@313ac989]" started-at="2024-05-24T20:28:33 PDT" name="closeBowser" finished-at="2024-05-24T20:28:35 PDT" duration-ms="2422" status="PASS">
          <reporter-output>
          </reporter-output>
        </test-method> <!-- closeBowser -->
      </class> <!-- MavenPakage.AutoDropDownSuggestions -->
      <class name="MavenPakage.TestExcel">
        <test-method signature="readFromLocal()[pri:0, instance:MavenPakage.TestExcel@4562e04d]" started-at="2024-05-24T20:28:35 PDT" name="readFromLocal" finished-at="2024-05-24T20:28:35 PDT" duration-ms="90" status="PASS">
          <reporter-output>
          </reporter-output>
        </test-method> <!-- readFromLocal -->
      </class> <!-- MavenPakage.TestExcel -->
      <class name="MavenPakage.DPExp">
        <test-method signature="login(java.lang.String,java.lang.String)[pri:0, instance:MavenPakage.DPExp@692f203f]" started-at="2024-05-24T20:29:04 PDT" name="login" data-provider="data" finished-at="2024-05-24T20:29:04 PDT" duration-ms="3" status="PASS">
          <params>
            <param index="0">
              <value>
                <![CDATA[tani]]>
              </value>
            </param>
            <param index="1">
              <value>
                <![CDATA[tani111]]>
              </value>
            </param>
          </params>
          <reporter-output>
          </reporter-output>
        </test-method> <!-- login -->
        <test-method signature="login(java.lang.String,java.lang.String)[pri:0, instance:MavenPakage.DPExp@692f203f]" started-at="2024-05-24T20:29:04 PDT" name="login" data-provider="data" finished-at="2024-05-24T20:29:04 PDT" duration-ms="3" status="PASS">
          <params>
            <param index="0">
              <value>
                <![CDATA[pooja]]>
              </value>
            </param>
            <param index="1">
              <value>
                <![CDATA[pooja123]]>
              </value>
            </param>
          </params>
          <reporter-output>
          </reporter-output>
        </test-method> <!-- login -->
        <test-method signature="login(java.lang.String,java.lang.String)[pri:0, instance:MavenPakage.DPExp@692f203f]" started-at="2024-05-24T20:29:04 PDT" name="login" data-provider="data" finished-at="2024-05-24T20:29:04 PDT" duration-ms="2" status="PASS">
          <params>
            <param index="0">
              <value>
                <![CDATA[priya]]>
              </value>
            </param>
            <param index="1">
              <value>
                <![CDATA[priya111]]>
              </value>
            </param>
          </params>
          <reporter-output>
          </reporter-output>
        </test-method> <!-- login -->
      </class> <!-- MavenPakage.DPExp -->
      <class name="MavenPakage.CopyWebTabletoExcelSheet">
        <test-method is-config="true" signature="launchBrowser()[pri:0, instance:MavenPakage.CopyWebTabletoExcelSheet@2a65fe7c]" started-at="2024-05-24T20:28:35 PDT" name="launchBrowser" finished-at="2024-05-24T20:28:40 PDT" duration-ms="4323" status="PASS">
          <reporter-output>
          </reporter-output>
        </test-method> <!-- launchBrowser -->
        <test-method signature="copyTable()[pri:0, instance:MavenPakage.CopyWebTabletoExcelSheet@2a65fe7c]" started-at="2024-05-24T20:28:40 PDT" name="copyTable" finished-at="2024-05-24T20:28:40 PDT" duration-ms="743" status="PASS">
          <reporter-output>
          </reporter-output>
        </test-method> <!-- copyTable -->
        <test-method is-config="true" signature="closeBrowser()[pri:0, instance:MavenPakage.CopyWebTabletoExcelSheet@2a65fe7c]" started-at="2024-05-24T20:28:40 PDT" name="closeBrowser" finished-at="2024-05-24T20:28:41 PDT" duration-ms="972" status="PASS">
          <reporter-output>
          </reporter-output>
        </test-method> <!-- closeBrowser -->
      </class> <!-- MavenPakage.CopyWebTabletoExcelSheet -->
      <class name="MavenPakage.MoreAnnotations">
        <test-method is-config="true" signature="beforeSuite()[pri:0, instance:MavenPakage.MoreAnnotations@4d5d943d]" started-at="2024-05-24T20:27:58 PDT" name="beforeSuite" finished-at="2024-05-24T20:27:58 PDT" duration-ms="4" status="PASS">
          <reporter-output>
          </reporter-output>
        </test-method> <!-- beforeSuite -->
        <test-method is-config="true" signature="beforeTest()[pri:0, instance:MavenPakage.MoreAnnotations@4d5d943d]" started-at="2024-05-24T20:27:58 PDT" name="beforeTest" finished-at="2024-05-24T20:27:58 PDT" duration-ms="0" status="PASS">
          <reporter-output>
          </reporter-output>
        </test-method> <!-- beforeTest -->
        <test-method is-config="true" signature="beforeClass()[pri:0, instance:MavenPakage.MoreAnnotations@4d5d943d]" started-at="2024-05-24T20:28:41 PDT" name="beforeClass" finished-at="2024-05-24T20:28:41 PDT" duration-ms="0" status="PASS">
          <reporter-output>
          </reporter-output>
        </test-method> <!-- beforeClass -->
        <test-method is-config="true" signature="beforeMethod()[pri:0, instance:MavenPakage.MoreAnnotations@4d5d943d]" started-at="2024-05-24T20:28:41 PDT" name="beforeMethod" finished-at="2024-05-24T20:28:41 PDT" duration-ms="0" status="PASS">
          <reporter-output>
          </reporter-output>
        </test-method> <!-- beforeMethod -->
        <test-method signature="testCase1()[pri:0, instance:MavenPakage.MoreAnnotations@4d5d943d]" started-at="2024-05-24T20:28:41 PDT" name="testCase1" finished-at="2024-05-24T20:28:41 PDT" duration-ms="1" status="PASS">
          <reporter-output>
          </reporter-output>
        </test-method> <!-- testCase1 -->
        <test-method is-config="true" signature="afterMethod()[pri:0, instance:MavenPakage.MoreAnnotations@4d5d943d]" started-at="2024-05-24T20:28:41 PDT" name="afterMethod" finished-at="2024-05-24T20:28:41 PDT" duration-ms="1" status="PASS">
          <reporter-output>
          </reporter-output>
        </test-method> <!-- afterMethod -->
        <test-method is-config="true" signature="beforeMethod()[pri:0, instance:MavenPakage.MoreAnnotations@4d5d943d]" started-at="2024-05-24T20:28:41 PDT" name="beforeMethod" finished-at="2024-05-24T20:28:41 PDT" duration-ms="1" status="PASS">
          <reporter-output>
          </reporter-output>
        </test-method> <!-- beforeMethod -->
        <test-method signature="testCase2()[pri:0, instance:MavenPakage.MoreAnnotations@4d5d943d]" started-at="2024-05-24T20:28:41 PDT" name="testCase2" finished-at="2024-05-24T20:28:41 PDT" duration-ms="1" status="PASS">
          <reporter-output>
          </reporter-output>
        </test-method> <!-- testCase2 -->
        <test-method is-config="true" signature="afterClass()[pri:0, instance:MavenPakage.MoreAnnotations@4d5d943d]" started-at="2024-05-24T20:28:41 PDT" name="afterClass" finished-at="2024-05-24T20:28:41 PDT" duration-ms="0" status="PASS">
          <reporter-output>
          </reporter-output>
        </test-method> <!-- afterClass -->
        <test-method is-config="true" signature="afterMethod()[pri:0, instance:MavenPakage.MoreAnnotations@4d5d943d]" started-at="2024-05-24T20:28:41 PDT" name="afterMethod" finished-at="2024-05-24T20:28:41 PDT" duration-ms="0" status="PASS">
          <reporter-output>
          </reporter-output>
        </test-method> <!-- afterMethod -->
        <test-method is-config="true" signature="afterTest()[pri:0, instance:MavenPakage.MoreAnnotations@4d5d943d]" started-at="2024-05-24T20:29:47 PDT" name="afterTest" finished-at="2024-05-24T20:29:47 PDT" duration-ms="0" status="PASS">
          <reporter-output>
          </reporter-output>
        </test-method> <!-- afterTest -->
        <test-method is-config="true" signature="afterSuite()[pri:0, instance:MavenPakage.MoreAnnotations@4d5d943d]" started-at="2024-05-24T20:29:47 PDT" name="afterSuite" finished-at="2024-05-24T20:29:47 PDT" duration-ms="1" status="PASS">
          <reporter-output>
          </reporter-output>
        </test-method> <!-- afterSuite -->
      </class> <!-- MavenPakage.MoreAnnotations -->
      <class name="MavenPakage.LoginUsingExcel">
        <test-method is-config="true" signature="launchBrowser()[pri:0, instance:MavenPakage.LoginUsingExcel@2a3b5b47]" started-at="2024-05-24T20:27:58 PDT" name="launchBrowser" finished-at="2024-05-24T20:28:07 PDT" duration-ms="8657" status="PASS">
          <reporter-output>
          </reporter-output>
        </test-method> <!-- launchBrowser -->
        <test-method signature="login(java.lang.String,java.lang.String)[pri:0, instance:MavenPakage.LoginUsingExcel@2a3b5b47]" started-at="2024-05-24T20:28:07 PDT" name="login" data-provider="data" finished-at="2024-05-24T20:28:10 PDT" duration-ms="3117" status="PASS">
          <params>
            <param index="0">
              <value>
                <![CDATA[Ravi]]>
              </value>
            </param>
            <param index="1">
              <value>
                <![CDATA[Ravi123]]>
              </value>
            </param>
          </params>
          <reporter-output>
          </reporter-output>
        </test-method> <!-- login -->
        <test-method signature="login(java.lang.String,java.lang.String)[pri:0, instance:MavenPakage.LoginUsingExcel@2a3b5b47]" started-at="2024-05-24T20:28:11 PDT" name="login" data-provider="data" finished-at="2024-05-24T20:28:14 PDT" duration-ms="3106" status="PASS">
          <params>
            <param index="0">
              <value>
                <![CDATA[Jack]]>
              </value>
            </param>
            <param index="1">
              <value>
                <![CDATA[Jack123]]>
              </value>
            </param>
          </params>
          <reporter-output>
          </reporter-output>
        </test-method> <!-- login -->
        <test-method signature="login(java.lang.String,java.lang.String)[pri:0, instance:MavenPakage.LoginUsingExcel@2a3b5b47]" started-at="2024-05-24T20:28:14 PDT" name="login" data-provider="data" finished-at="2024-05-24T20:28:17 PDT" duration-ms="3063" status="PASS">
          <params>
            <param index="0">
              <value>
                <![CDATA[Jay]]>
              </value>
            </param>
            <param index="1">
              <value>
                <![CDATA[Jay123]]>
              </value>
            </param>
          </params>
          <reporter-output>
          </reporter-output>
        </test-method> <!-- login -->
        <test-method signature="login(java.lang.String,java.lang.String)[pri:0, instance:MavenPakage.LoginUsingExcel@2a3b5b47]" started-at="2024-05-24T20:28:17 PDT" name="login" data-provider="data" finished-at="2024-05-24T20:28:20 PDT" duration-ms="3078" status="PASS">
          <params>
            <param index="0">
              <value>
                <![CDATA[Peter]]>
              </value>
            </param>
            <param index="1">
              <value>
                <![CDATA[Peter123]]>
              </value>
            </param>
          </params>
          <reporter-output>
          </reporter-output>
        </test-method> <!-- login -->
        <test-method signature="login(java.lang.String,java.lang.String)[pri:0, instance:MavenPakage.LoginUsingExcel@2a3b5b47]" started-at="2024-05-24T20:28:20 PDT" name="login" data-provider="data" finished-at="2024-05-24T20:28:23 PDT" duration-ms="3075" status="PASS">
          <params>
            <param index="0">
              <value>
                <![CDATA[Mike]]>
              </value>
            </param>
            <param index="1">
              <value>
                <![CDATA[Mike123]]>
              </value>
            </param>
          </params>
          <reporter-output>
          </reporter-output>
        </test-method> <!-- login -->
        <test-method is-config="true" signature="closeBowser()[pri:0, instance:MavenPakage.LoginUsingExcel@2a3b5b47]" started-at="2024-05-24T20:28:23 PDT" name="closeBowser" finished-at="2024-05-24T20:28:25 PDT" duration-ms="2231" status="PASS">
          <reporter-output>
          </reporter-output>
        </test-method> <!-- closeBowser -->
      </class> <!-- MavenPakage.LoginUsingExcel -->
      <class name="MavenPakage.LoginToInsta">
        <test-method is-config="true" signature="launBrowser()[pri:0, instance:MavenPakage.LoginToInsta@48f2bd5b]" started-at="2024-05-24T20:29:04 PDT" name="launBrowser" finished-at="2024-05-24T20:29:07 PDT" duration-ms="2395" status="PASS">
          <reporter-output>
          </reporter-output>
        </test-method> <!-- launBrowser -->
        <test-method signature="loginData()[pri:0, instance:MavenPakage.LoginToInsta@48f2bd5b]" started-at="2024-05-24T20:29:07 PDT" name="loginData" finished-at="2024-05-24T20:29:17 PDT" duration-ms="10485" status="PASS">
          <reporter-output>
          </reporter-output>
        </test-method> <!-- loginData -->
        <test-method is-config="true" signature="closeBowser()[pri:0, instance:MavenPakage.LoginToInsta@48f2bd5b]" started-at="2024-05-24T20:29:17 PDT" name="closeBowser" finished-at="2024-05-24T20:29:24 PDT" duration-ms="6575" status="PASS">
          <reporter-output>
          </reporter-output>
        </test-method> <!-- closeBowser -->
      </class> <!-- MavenPakage.LoginToInsta -->
      <class name="MavenPakage.MouseHover">
        <test-method is-config="true" signature="openBrowser()[pri:0, instance:MavenPakage.MouseHover@7b2bbc3]" started-at="2024-05-24T20:29:24 PDT" name="openBrowser" finished-at="2024-05-24T20:29:25 PDT" duration-ms="1492" status="PASS">
          <reporter-output>
          </reporter-output>
        </test-method> <!-- openBrowser -->
        <test-method signature="dragable()[pri:1, instance:MavenPakage.MouseHover@7b2bbc3]" started-at="2024-05-24T20:29:25 PDT" name="dragable" finished-at="2024-05-24T20:29:26 PDT" duration-ms="860" status="PASS">
          <reporter-output>
          </reporter-output>
        </test-method> <!-- dragable -->
        <test-method is-config="true" signature="closeBrowser()[pri:0, instance:MavenPakage.MouseHover@7b2bbc3]" started-at="2024-05-24T20:29:26 PDT" name="closeBrowser" finished-at="2024-05-24T20:29:29 PDT" duration-ms="3309" status="PASS">
          <reporter-output>
          </reporter-output>
        </test-method> <!-- closeBrowser -->
        <test-method is-config="true" signature="openBrowser()[pri:0, instance:MavenPakage.MouseHover@7b2bbc3]" started-at="2024-05-24T20:29:29 PDT" name="openBrowser" finished-at="2024-05-24T20:29:31 PDT" duration-ms="1633" status="PASS">
          <reporter-output>
          </reporter-output>
        </test-method> <!-- openBrowser -->
        <test-method signature="dragAndDrop()[pri:2, instance:MavenPakage.MouseHover@7b2bbc3]" started-at="2024-05-24T20:29:31 PDT" name="dragAndDrop" finished-at="2024-05-24T20:29:32 PDT" duration-ms="808" status="PASS">
          <reporter-output>
          </reporter-output>
        </test-method> <!-- dragAndDrop -->
        <test-method is-config="true" signature="closeBrowser()[pri:0, instance:MavenPakage.MouseHover@7b2bbc3]" started-at="2024-05-24T20:29:32 PDT" name="closeBrowser" finished-at="2024-05-24T20:29:35 PDT" duration-ms="3275" status="PASS">
          <reporter-output>
          </reporter-output>
        </test-method> <!-- closeBrowser -->
        <test-method is-config="true" signature="openBrowser()[pri:0, instance:MavenPakage.MouseHover@7b2bbc3]" started-at="2024-05-24T20:29:35 PDT" name="openBrowser" finished-at="2024-05-24T20:29:37 PDT" duration-ms="1712" status="PASS">
          <reporter-output>
          </reporter-output>
        </test-method> <!-- openBrowser -->
        <test-method signature="resizable()[pri:3, instance:MavenPakage.MouseHover@7b2bbc3]" started-at="2024-05-24T20:29:37 PDT" name="resizable" finished-at="2024-05-24T20:29:38 PDT" duration-ms="809" status="PASS">
          <reporter-output>
          </reporter-output>
        </test-method> <!-- resizable -->
        <test-method is-config="true" signature="closeBrowser()[pri:0, instance:MavenPakage.MouseHover@7b2bbc3]" started-at="2024-05-24T20:29:38 PDT" name="closeBrowser" finished-at="2024-05-24T20:29:41 PDT" duration-ms="3336" status="PASS">
          <reporter-output>
          </reporter-output>
        </test-method> <!-- closeBrowser -->
        <test-method is-config="true" signature="openBrowser()[pri:0, instance:MavenPakage.MouseHover@7b2bbc3]" started-at="2024-05-24T20:29:41 PDT" name="openBrowser" finished-at="2024-05-24T20:29:43 PDT" duration-ms="1538" status="PASS">
          <reporter-output>
          </reporter-output>
        </test-method> <!-- openBrowser -->
        <test-method signature="sortable()[pri:5, instance:MavenPakage.MouseHover@7b2bbc3]" started-at="2024-05-24T20:29:43 PDT" name="sortable" finished-at="2024-05-24T20:29:43 PDT" duration-ms="767" status="PASS">
          <reporter-output>
          </reporter-output>
        </test-method> <!-- sortable -->
        <test-method is-config="true" signature="closeBrowser()[pri:0, instance:MavenPakage.MouseHover@7b2bbc3]" started-at="2024-05-24T20:29:43 PDT" name="closeBrowser" finished-at="2024-05-24T20:29:47 PDT" duration-ms="3320" status="PASS">
          <reporter-output>
          </reporter-output>
        </test-method> <!-- closeBrowser -->
      </class> <!-- MavenPakage.MouseHover -->
      <class name="MavenPakage.ReadingExcelAndPrint">
        <test-method signature="readFromLocal()[pri:0, instance:MavenPakage.ReadingExcelAndPrint@2d3379b4]" started-at="2024-05-24T20:29:47 PDT" name="readFromLocal" finished-at="2024-05-24T20:29:47 PDT" duration-ms="46" status="PASS">
          <reporter-output>
          </reporter-output>
        </test-method> <!-- readFromLocal -->
      </class> <!-- MavenPakage.ReadingExcelAndPrint -->
    </test> <!-- Test -->
  </suite> <!-- Suite -->
</testng-results>
